[2025-06-11 20:31:54] ID 2 (Escrever HTML) editada por Alexandre (ID 46) - Nenhuma alteração detectada
[2025-06-11 20:34:41] ID 2 (Escrever HTML) editada por Alexandre (ID 46) - Nenhuma alteração detectada
[2025-06-11 20:35:09] ID 2 (Escrever HTML) editada por Alexandre (ID 46) - Data Tarefa: 2025-06-11 → 2025-06-10
[2025-06-11 20:36:01] ID 2 (Escrever HTML) editada por Alexandre (ID 46) - Data Fim:  → 2025-06-11 | Status: Em andamento → Concluído
[2025-06-11 20:48:43] ID 2 (Escrever HTML) editada por Alexandre (ID 46) - Data Fim: 2025-06-11 → NULL | Status: Concluído → Em andamento
[2025-06-11 21:11:48] ID 2 (Escrever HTML) editada por Alexandre (ID 46) - Data Tarefa: 2025-06-10 → 2025-05-08 | Status: Em andamento → Parado
[2025-06-11 21:23:26] ID 2 (Escrever HTML) editada por Alexandre (ID 46) - Data Tarefa: 2025-05-08 → 2025-05-09
[2025-06-11 21:34:27] ID 2 (Escrever HTML) editada por Alexandre (ID 46) - Data Tarefa: 2025-05-09 → 2025-06-06 | Status: Parado → Em andamento
[2025-06-11 21:35:01] ID 2 (Escrever HTML) editada por Alexandre (ID 46) - Data Fim:  → 2025-06-11 | Status: Em andamento → Concluído
[2025-06-11 21:35:58] ID 2 (Escrever HTML) editada por Alexandre (ID 46) - Data Fim: 2025-06-11 → NULL | Status: Concluído → Em andamento
[2025-06-11 21:36:57] ID 2 (Escrever HTML) editada por Alexandre (ID 46) - Data Tarefa: 2025-06-06 → NULL | Status: Em andamento → Parado
[2025-06-11 21:45:43] ID 2 (Escrever HTML) editada por Alexandre (ID 46) - Nenhuma alteração detectada
[2025-06-11 21:46:25] ID 2 (Escrever HTML) editada por Alexandre (ID 46) - Data Tarefa:  → 2025-06-11 | Status: Parado → Em andamento
[2025-06-11 21:46:42] ID 2 (Escrever HTML) editada por Alexandre (ID 46) - Data Tarefa: 2025-06-11 → NULL | Status: Em andamento → Parado
[2025-06-11 21:59:32] ID 3 (CSS) editada por Ringo Starr (ID 51) - Data Tarefa:  → 2025-06-11 | Status: Em andamento → Desconhecido
[2025-06-11 22:12:43] ID 3 (CSS) editada por Ringo Starr (ID 51) - Data Tarefa: 2025-06-11 → 2025-06-10
[2025-06-11 22:14:10] ID 3 (CSS) editada por Ringo Starr (ID 51) - Data Fim:  → 2025-06-11 | Status: Desconhecido → Concluído
[2025-06-11 22:37:34] ID 2 (Escrever HTML) editada por Alexandre (ID 46) - Data Tarefa:  → 2025-06-11 | Status: Parado → Em andamento
[2025-06-11 22:43:18] ID 3 (CSS) editada por Ringo Starr (ID 51) - Data Fim: 2025-06-11 → NULL | Status: Concluído → Desconhecido
[2025-06-11 22:48:27] ID 2 (Escrever HTML) editada por Alexandre (ID 46) - Data Tarefa: 2025-06-11 → NULL
[2025-06-11 22:52:52] ID 6 (CSS) editada por Raphael (ID 8) - Data Início: 2025-06-11 →  | Status: Em andamento → Desconhecido
[2025-06-11 22:53:12] ID 6 (CSS) editada por Raphael (ID 8) - Data Início:  → 2025-06-11 | Status: Desconhecido → Em andamento
[2025-06-11 22:54:45] ID 5 (CSS) editada por Paul McCartney (ID 49) - Data Fim: 2025-06-02 → NULL | Status: Concluído → Em andamento
[2025-06-11 22:55:07] ID 5 (CSS) editada por Paul McCartney (ID 49) - Data Tarefa:  → 2025-06-06
[2025-06-11 22:55:26] ID 5 (CSS) editada por Paul McCartney (ID 49) - Data Fim:  → 2025-06-11 | Status: Em andamento → Concluído
